<?xml version="1.0" encoding="UTF-8"?>
<!DOCTYPE mapper
        PUBLIC "-//mybatis.org//DTD Mapper 3.0//EN"
        "http://mybatis.org/dtd/mybatis-3-mapper.dtd">
<mapper namespace="com.emginfo.emgnavi.Test.mapper.TestMapper">

    <select id="getTestDataById">
        SELECT * FROM TEST_TBL WHERE NO = #{no}
    </select>

</mapper>